14:29:58,314 |-INFO in ch.qos.logback.classic.LoggerContext[default] - Could NOT find resource [logback-test.xml]
14:29:58,314 |-INFO in ch.qos.logback.classic.LoggerContext[default] - Could NOT find resource [logback.groovy]
14:29:58,315 |-INFO in ch.qos.logback.classic.LoggerContext[default] - Found resource [logback.xml] at [file:/Users/apple/Applications/seata/conf/logback.xml]
14:29:58,318 |-WARN in ch.qos.logback.classic.LoggerContext[default] - Resource [logback.xml] occurs multiple times on the classpath.
14:29:58,318 |-WARN in ch.qos.logback.classic.LoggerContext[default] - Resource [logback.xml] occurs at [jar:file:/Users/apple/Applications/seata/lib/seata-server-1.0.0.jar!/logback.xml]
14:29:58,318 |-WARN in ch.qos.logback.classic.LoggerContext[default] - Resource [logback.xml] occurs at [file:/Users/apple/Applications/seata/conf/logback.xml]
14:29:58,536 |-INFO in ch.qos.logback.classic.joran.action.ConfigurationAction - debug attribute not set
14:29:58,545 |-INFO in ch.qos.logback.classic.joran.action.ConfigurationAction - Will scan for changes in [file:/Users/apple/Applications/seata/conf/logback.xml] 
14:29:58,545 |-INFO in ch.qos.logback.classic.joran.action.ConfigurationAction - Setting ReconfigureOnChangeTask scanning period to 1 minutes
14:29:58,554 |-INFO in ch.qos.logback.core.joran.action.AppenderAction - About to instantiate appender of type [ch.qos.logback.core.ConsoleAppender]
14:29:58,561 |-INFO in ch.qos.logback.core.joran.action.AppenderAction - Naming appender as [stdout]
14:29:58,717 |-INFO in ch.qos.logback.core.joran.action.AppenderAction - About to instantiate appender of type [ch.qos.logback.core.rolling.RollingFileAppender]
14:29:58,727 |-INFO in ch.qos.logback.core.joran.action.AppenderAction - Naming appender as [seata-default]
14:29:58,753 |-INFO in c.q.l.core.rolling.SizeAndTimeBasedRollingPolicy@1418428263 - Archive files will be limited to [2048 MB] each.
14:29:58,763 |-INFO in c.q.l.core.rolling.SizeAndTimeBasedRollingPolicy@1418428263 - No compression will be used
14:29:58,764 |-INFO in c.q.l.core.rolling.SizeAndTimeBasedRollingPolicy@1418428263 - Will use the pattern /Users/apple/logs/seata/seata-server.log.%d{yyyy-MM-dd}.%i for the active file
14:29:58,771 |-INFO in ch.qos.logback.core.rolling.SizeAndTimeBasedFNATP@7ac7a4e4 - The date pattern is 'yyyy-MM-dd' from file name pattern '/Users/apple/logs/seata/seata-server.log.%d{yyyy-MM-dd}.%i'.
14:29:58,771 |-INFO in ch.qos.logback.core.rolling.SizeAndTimeBasedFNATP@7ac7a4e4 - Roll-over at midnight.
14:29:58,774 |-INFO in ch.qos.logback.core.rolling.SizeAndTimeBasedFNATP@7ac7a4e4 - Setting initial period to Tue Oct 13 17:59:44 CST 2020
14:29:58,779 |-INFO in c.q.l.core.rolling.SizeAndTimeBasedRollingPolicy@1418428263 - Cleaning on start up
14:29:58,780 |-INFO in c.q.l.core.rolling.helper.TimeBasedArchiveRemover - first clean up after appender initialization
14:29:58,781 |-INFO in c.q.l.core.rolling.helper.TimeBasedArchiveRemover - Multiple periods, i.e. 32 periods, seem to have elapsed. This is expected at application start.
14:29:58,781 |-INFO in ch.qos.logback.core.joran.action.NestedComplexPropertyIA - Assuming default type [ch.qos.logback.classic.encoder.PatternLayoutEncoder] for [encoder] property
14:29:58,784 |-INFO in ch.qos.logback.core.rolling.RollingFileAppender[seata-default] - Active log file name: /Users/apple/logs/seata/seata-server.log
14:29:58,784 |-INFO in ch.qos.logback.core.rolling.RollingFileAppender[seata-default] - File property is set to [/Users/apple/logs/seata/seata-server.log]
14:29:58,787 |-INFO in ch.qos.logback.classic.joran.action.LoggerAction - Setting additivity of logger [io.seata.server.store.file.FileTransactionStoreManager] to false
14:29:58,787 |-INFO in ch.qos.logback.classic.joran.action.LevelAction - io.seata.server.store.file.FileTransactionStoreManager level set to INFO
14:29:58,787 |-INFO in ch.qos.logback.core.joran.action.AppenderRefAction - Attaching appender named [seata-default] to Logger[io.seata.server.store.file.FileTransactionStoreManager]
14:29:58,788 |-INFO in ch.qos.logback.classic.joran.action.RootLoggerAction - Setting level of ROOT logger to INFO
14:29:58,788 |-INFO in ch.qos.logback.core.joran.action.AppenderRefAction - Attaching appender named [seata-default] to Logger[ROOT]
14:29:58,788 |-INFO in ch.qos.logback.core.joran.action.AppenderRefAction - Attaching appender named [stdout] to Logger[ROOT]
14:29:58,788 |-INFO in ch.qos.logback.classic.joran.action.ConfigurationAction - End of configuration.
14:29:58,792 |-INFO in ch.qos.logback.classic.joran.JoranConfigurator@6d78f375 - Registering current configuration as safe fallback point
14:29:58,793 |-INFO in c.q.l.core.rolling.helper.TimeBasedArchiveRemover - Removed  0 Bytes of files

2020-10-20 14:29:58.874 INFO [main]io.seata.config.FileConfiguration.<init>:101 -The file name of the operation is registry.conf
2020-10-20 14:29:59.091 WARN [main]io.seata.config.ConfigurationFactory.<clinit>:68 -failed to load extConfiguration:not found service provider for : io.seata.config.ExtConfigurationProvider[null] and classloader : sun.misc.Launcher$AppClassLoader@2e5d6d97
io.seata.common.loader.EnhancedServiceNotFoundException: not found service provider for : io.seata.config.ExtConfigurationProvider[null] and classloader : sun.misc.Launcher$AppClassLoader@2e5d6d97
2020-10-20 14:29:59.107 INFO [main]io.seata.config.FileConfiguration.<init>:101 -The file name of the operation is file.conf
2020-10-20 14:29:59.119 WARN [main]io.seata.config.ConfigurationFactory.buildConfiguration:118 -failed to load extConfiguration:not found service provider for : io.seata.config.ExtConfigurationProvider[null] and classloader : sun.misc.Launcher$AppClassLoader@2e5d6d97
io.seata.common.loader.EnhancedServiceNotFoundException: not found service provider for : io.seata.config.ExtConfigurationProvider[null] and classloader : sun.misc.Launcher$AppClassLoader@2e5d6d97
2020-10-20 14:29:59.122 WARN [configOperate_2_2]io.seata.config.FileConfiguration.run:266 -Could not found property metrics.enabled, try to use default value instead.
2020-10-20 14:29:59.187 WARN [configOperate_2_2]io.seata.config.FileConfiguration.run:266 -Could not found property transport.thread-factory.boss-thread-prefix, try to use default value instead.
2020-10-20 14:29:59.188 WARN [configOperate_2_2]io.seata.config.FileConfiguration.run:266 -Could not found property transport.thread-factory.worker-thread-prefix, try to use default value instead.
2020-10-20 14:29:59.189 WARN [configOperate_2_2]io.seata.config.FileConfiguration.run:266 -Could not found property transport.thread-factory.share-boss-worker, try to use default value instead.
2020-10-20 14:29:59.194 WARN [configOperate_2_2]io.seata.config.FileConfiguration.run:266 -Could not found property transport.type, try to use default value instead.
2020-10-20 14:29:59.195 WARN [configOperate_2_2]io.seata.config.FileConfiguration.run:266 -Could not found property transport.thread-factory.worker-thread-size, try to use default value instead.
2020-10-20 14:29:59.226 WARN [configOperate_2_2]io.seata.config.FileConfiguration.run:266 -Could not found property transport.server, try to use default value instead.
2020-10-20 14:29:59.273 WARN [configOperate_2_2]io.seata.config.FileConfiguration.run:266 -Could not found property transport.heartbeat, try to use default value instead.
2020-10-20 14:29:59.589 WARN [configOperate_2_2]io.seata.config.FileConfiguration.run:266 -Could not found property transport.thread-factory.boss-thread-size, try to use default value instead.
2020-10-20 14:29:59.590 WARN [configOperate_2_2]io.seata.config.FileConfiguration.run:266 -Could not found property transport.thread-factory.boss-thread-prefix, try to use default value instead.
2020-10-20 14:29:59.591 WARN [configOperate_2_2]io.seata.config.FileConfiguration.run:266 -Could not found property transport.thread-factory.boss-thread-size, try to use default value instead.
2020-10-20 14:29:59.712 WARN [configOperate_2_2]io.seata.config.FileConfiguration.run:266 -Could not found property transport.thread-factory.worker-thread-prefix, try to use default value instead.
2020-10-20 14:29:59.751 WARN [configOperate_2_2]io.seata.config.FileConfiguration.run:266 -Could not found property store.file.session.reload.read_size, try to use default value instead.
2020-10-20 14:29:59.776 WARN [configOperate_2_2]io.seata.config.FileConfiguration.run:266 -Could not found property store.file.file-write-buffer-cache-size, try to use default value instead.
2020-10-20 14:29:59.777 WARN [configOperate_2_2]io.seata.config.FileConfiguration.run:266 -Could not found property store.file.flush-disk-mode, try to use default value instead.
2020-10-20 14:29:59.780 WARN [configOperate_2_2]io.seata.config.FileConfiguration.run:266 -Could not found property store.db.query-limit, try to use default value instead.
2020-10-20 14:29:59.795 INFO [main]io.seata.common.loader.EnhancedServiceLoader.loadFile:236 -load DataSourceGenerator[dbcp] extension by class[io.seata.server.store.db.DbcpDataSourceGenerator]
2020-10-20 14:29:59.946 WARN [configOperate_2_2]io.seata.config.FileConfiguration.run:266 -Could not found property store.db.min-conn, try to use default value instead.
2020-10-20 14:29:59.947 WARN [configOperate_2_2]io.seata.config.FileConfiguration.run:266 -Could not found property store.db.max-conn, try to use default value instead.
2020-10-20 14:29:59.947 WARN [configOperate_2_2]io.seata.config.FileConfiguration.run:266 -Could not found property store.db.min-conn, try to use default value instead.
2020-10-20 14:29:59.947 WARN [configOperate_2_2]io.seata.config.FileConfiguration.run:266 -Could not found property store.db.min-conn, try to use default value instead.
2020-10-20 14:29:59.956 WARN [configOperate_2_2]io.seata.config.FileConfiguration.run:266 -Could not found property store.db.global.table, try to use default value instead.
2020-10-20 14:29:59.956 WARN [configOperate_2_2]io.seata.config.FileConfiguration.run:266 -Could not found property store.db.branch.table, try to use default value instead.
2020-10-20 14:30:00.474 INFO [main]io.seata.common.loader.EnhancedServiceLoader.loadFile:236 -load LogStore[DB] extension by class[io.seata.core.store.db.LogStoreDataBaseDAO]
2020-10-20 14:30:00.475 INFO [main]io.seata.common.loader.EnhancedServiceLoader.loadFile:236 -load TransactionStoreManager[DB] extension by class[io.seata.server.store.db.DatabaseTransactionStoreManager]
2020-10-20 14:30:00.475 INFO [main]io.seata.common.loader.EnhancedServiceLoader.loadFile:236 -load SessionManager[DB] extension by class[io.seata.server.session.db.DataBaseSessionManager]
2020-10-20 14:30:00.480 WARN [configOperate_2_2]io.seata.config.FileConfiguration.run:266 -Could not found property store.db.query-limit, try to use default value instead.
2020-10-20 14:30:00.482 WARN [configOperate_2_2]io.seata.config.FileConfiguration.run:266 -Could not found property store.db.min-conn, try to use default value instead.
2020-10-20 14:30:00.484 WARN [configOperate_2_2]io.seata.config.FileConfiguration.run:266 -Could not found property store.db.max-conn, try to use default value instead.
2020-10-20 14:30:00.484 WARN [configOperate_2_2]io.seata.config.FileConfiguration.run:266 -Could not found property store.db.min-conn, try to use default value instead.
2020-10-20 14:30:00.484 WARN [configOperate_2_2]io.seata.config.FileConfiguration.run:266 -Could not found property store.db.min-conn, try to use default value instead.
2020-10-20 14:30:00.485 WARN [configOperate_2_2]io.seata.config.FileConfiguration.run:266 -Could not found property store.db.global.table, try to use default value instead.
2020-10-20 14:30:00.486 WARN [configOperate_2_2]io.seata.config.FileConfiguration.run:266 -Could not found property store.db.branch.table, try to use default value instead.
2020-10-20 14:30:00.507 WARN [configOperate_2_2]io.seata.config.FileConfiguration.run:266 -Could not found property store.db.query-limit, try to use default value instead.
2020-10-20 14:30:00.509 WARN [configOperate_2_2]io.seata.config.FileConfiguration.run:266 -Could not found property store.db.min-conn, try to use default value instead.
2020-10-20 14:30:00.509 WARN [configOperate_2_2]io.seata.config.FileConfiguration.run:266 -Could not found property store.db.max-conn, try to use default value instead.
2020-10-20 14:30:00.510 WARN [configOperate_2_2]io.seata.config.FileConfiguration.run:266 -Could not found property store.db.min-conn, try to use default value instead.
2020-10-20 14:30:00.510 WARN [configOperate_2_2]io.seata.config.FileConfiguration.run:266 -Could not found property store.db.min-conn, try to use default value instead.
2020-10-20 14:30:00.511 WARN [configOperate_2_2]io.seata.config.FileConfiguration.run:266 -Could not found property store.db.global.table, try to use default value instead.
2020-10-20 14:30:00.511 WARN [configOperate_2_2]io.seata.config.FileConfiguration.run:266 -Could not found property store.db.branch.table, try to use default value instead.
2020-10-20 14:30:00.532 WARN [configOperate_2_2]io.seata.config.FileConfiguration.run:266 -Could not found property store.db.query-limit, try to use default value instead.
2020-10-20 14:30:00.534 WARN [configOperate_2_2]io.seata.config.FileConfiguration.run:266 -Could not found property store.db.min-conn, try to use default value instead.
2020-10-20 14:30:00.534 WARN [configOperate_2_2]io.seata.config.FileConfiguration.run:266 -Could not found property store.db.max-conn, try to use default value instead.
2020-10-20 14:30:00.535 WARN [configOperate_2_2]io.seata.config.FileConfiguration.run:266 -Could not found property store.db.min-conn, try to use default value instead.
2020-10-20 14:30:00.535 WARN [configOperate_2_2]io.seata.config.FileConfiguration.run:266 -Could not found property store.db.min-conn, try to use default value instead.
2020-10-20 14:30:00.536 WARN [configOperate_2_2]io.seata.config.FileConfiguration.run:266 -Could not found property store.db.global.table, try to use default value instead.
2020-10-20 14:30:00.536 WARN [configOperate_2_2]io.seata.config.FileConfiguration.run:266 -Could not found property store.db.branch.table, try to use default value instead.
2020-10-20 14:30:00.666 WARN [configOperate_2_2]io.seata.config.FileConfiguration.run:266 -Could not found property server.recovery.committing-retry-period, try to use default value instead.
2020-10-20 14:30:00.667 WARN [configOperate_2_2]io.seata.config.FileConfiguration.run:266 -Could not found property server.recovery.asyn-committing-retry-period, try to use default value instead.
2020-10-20 14:30:00.667 WARN [configOperate_2_2]io.seata.config.FileConfiguration.run:266 -Could not found property server.recovery.rollbacking-retry-period, try to use default value instead.
2020-10-20 14:30:00.667 WARN [configOperate_2_2]io.seata.config.FileConfiguration.run:266 -Could not found property server.recovery.timeout-retry-period, try to use default value instead.
2020-10-20 14:30:00.667 WARN [configOperate_2_2]io.seata.config.FileConfiguration.run:266 -Could not found property server.undo.log.delete.period, try to use default value instead.
2020-10-20 14:30:00.670 WARN [configOperate_2_2]io.seata.config.FileConfiguration.run:266 -Could not found property server.max.commit.retry.timeout, try to use default value instead.
2020-10-20 14:30:00.670 WARN [configOperate_2_2]io.seata.config.FileConfiguration.run:266 -Could not found property server.max.rollback.retry.timeout, try to use default value instead.
2020-10-20 14:30:01.704 INFO [main]io.seata.core.rpc.netty.AbstractRpcRemotingServer.start:155 -Server started ... 
2020-10-20 14:30:01.726 INFO [main]io.seata.common.loader.EnhancedServiceLoader.loadFile:236 -load RegistryProvider[Nacos] extension by class[io.seata.discovery.registry.nacos.NacosRegistryProvider]
2020-10-20 14:33:00.975 INFO [UndoLogDelete_1]io.seata.server.coordinator.DefaultCoordinator.undoLogDelete:473 -no active rm channels to delete undo log
